TN:
SF:C:\seMaster\Semester_02\11_MUS2VO\UE\01\skill-sample-nodejs-assistent-fuer-minecraft\lambda\custom\index.js
FN:11,(anonymous_0)
FN:14,(anonymous_1)
FN:33,(anonymous_2)
FN:37,(anonymous_3)
FN:87,(anonymous_4)
FN:91,(anonymous_5)
FN:108,(anonymous_6)
FN:112,(anonymous_7)
FN:123,(anonymous_8)
FN:128,(anonymous_9)
FN:139,(anonymous_10)
FN:143,(anonymous_11)
FN:150,(anonymous_12)
FN:153,(anonymous_13)
FN:167,(anonymous_14)
FN:176,(anonymous_15)
FN:183,getRandomItem
FNF:17
FNH:11
FNDA:9,(anonymous_0)
FNDA:5,(anonymous_1)
FNDA:4,(anonymous_2)
FNDA:2,(anonymous_3)
FNDA:2,(anonymous_4)
FNDA:0,(anonymous_5)
FNDA:2,(anonymous_6)
FNDA:0,(anonymous_7)
FNDA:2,(anonymous_8)
FNDA:2,(anonymous_9)
FNDA:0,(anonymous_10)
FNDA:0,(anonymous_11)
FNDA:0,(anonymous_12)
FNDA:0,(anonymous_13)
FNDA:9,(anonymous_14)
FNDA:32,(anonymous_15)
FNDA:5,getRandomItem
DA:4,2
DA:5,2
DA:6,2
DA:7,2
DA:10,2
DA:12,9
DA:15,5
DA:16,5
DA:18,5
DA:20,5
DA:21,5
DA:23,5
DA:25,5
DA:32,2
DA:34,4
DA:38,2
DA:39,2
DA:41,2
DA:43,2
DA:44,1
DA:47,2
DA:48,2
DA:49,2
DA:50,2
DA:52,2
DA:53,1
DA:57,1
DA:59,1
DA:65,1
DA:66,1
DA:67,0
DA:69,1
DA:71,1
DA:74,1
DA:75,1
DA:77,1
DA:79,1
DA:86,2
DA:88,2
DA:92,0
DA:93,0
DA:95,0
DA:97,0
DA:98,0
DA:100,0
DA:107,2
DA:109,2
DA:113,0
DA:115,0
DA:122,2
DA:124,2
DA:129,2
DA:130,2
DA:132,2
DA:138,2
DA:140,0
DA:141,0
DA:144,0
DA:145,0
DA:149,2
DA:151,0
DA:154,0
DA:156,0
DA:166,2
DA:168,9
DA:175,9
DA:176,9
DA:177,32
DA:185,5
DA:186,5
DA:187,5
DA:191,2
DA:192,2
DA:208,2
LF:74
LH:58
BRDA:34,0,0,4
BRDA:34,0,1,4
BRDA:43,1,0,1
BRDA:43,1,1,1
BRDA:43,2,0,2
BRDA:43,2,1,2
BRDA:52,3,0,1
BRDA:52,3,1,1
BRDA:66,4,0,0
BRDA:66,4,1,1
BRDA:88,5,0,2
BRDA:88,5,1,2
BRDA:109,6,0,2
BRDA:109,6,1,2
BRDA:124,7,0,2
BRDA:124,7,1,2
BRDA:124,7,2,0
BRF:17
BRH:15
end_of_record
TN:
SF:C:\seMaster\Semester_02\11_MUS2VO\UE\01\skill-sample-nodejs-assistent-fuer-minecraft\lambda\custom\recipes.js
FNF:0
FNH:0
DA:5,2
LF:1
LH:1
BRF:0
BRH:0
end_of_record
