{
  "numFailedTestSuites": 0,
  "numFailedTests": 0,
  "numPassedTestSuites": 2,
  "numPassedTests": 7,
  "numPendingTestSuites": 0,
  "numPendingTests": 0,
  "numRuntimeErrorTestSuites": 0,
  "numTodoTests": 0,
  "numTotalTestSuites": 2,
  "numTotalTests": 7,
  "openHandles": [],
  "snapshot": {
    "added": 0,
    "didUpdate": false,
    "failure": false,
    "filesAdded": 0,
    "filesRemoved": 0,
    "filesRemovedList": [],
    "filesUnmatched": 0,
    "filesUpdated": 0,
    "matched": 0,
    "total": 0,
    "unchecked": 0,
    "uncheckedKeysByFile": [],
    "unmatched": 0,
    "updated": 0
  },
  "startTime": 1585901036168,
  "success": false,
  "testResults": [
    {
      "failureMessage": null,
      "leaks": false,
      "memoryUsage": 0,
      "numFailingTests": 0,
      "numPassingTests": 5,
      "numPendingTests": 0,
      "numTodoTests": 0,
      "skipped": false,
      "snapshot": {
        "added": 0,
        "fileDeleted": false,
        "matched": 0,
        "unchecked": 0,
        "uncheckedKeys": [],
        "unmatched": 0,
        "updated": 0
      },
      "testFilePath": "C:\\seMaster\\Semester_02\\11_MUS2VO\\UE\\01\\skill-sample-nodejs-assistent-fuer-minecraft\\test\\unit\\de_DE-index.test.yml",
      "testResults": [
        {
          "ancestorTitles": [
            "de-DE",
            "Launch request, no further interaction."
          ],
          "duration": 687,
          "failureMessages": [],
          "location": {
            "column": 0,
            "line": 0
          },
          "numPassingAsserts": 0,
          "status": "passed",
          "title": "LaunchRequest"
        },
        {
          "ancestorTitles": [
            "de-DE",
            "AMAZON.StopIntent"
          ],
          "duration": 1,
          "failureMessages": [],
          "location": {
            "column": 0,
            "line": 0
          },
          "numPassingAsserts": 0,
          "status": "passed",
          "title": "LaunchRequest"
        },
        {
          "ancestorTitles": [
            "de-DE",
            "AMAZON.StopIntent"
          ],
          "duration": 1,
          "failureMessages": [],
          "location": {
            "column": 0,
            "line": 0
          },
          "numPassingAsserts": 0,
          "status": "passed",
          "title": "AMAZON.StopIntent"
        },
        {
          "ancestorTitles": [
            "de-DE",
            "RecipeIntent test case for evaluating the propmt"
          ],
          "duration": 1,
          "failureMessages": [],
          "location": {
            "column": 0,
            "line": 0
          },
          "numPassingAsserts": 0,
          "status": "passed",
          "title": "LaunchRequest"
        },
        {
          "ancestorTitles": [
            "de-DE",
            "RecipeIntent test case for Feuerwerksrakete"
          ],
          "duration": 17,
          "failureMessages": [],
          "location": {
            "column": 0,
            "line": 0
          },
          "numPassingAsserts": 0,
          "status": "passed",
          "title": "RecipeIntent"
        },
        {
          "ancestorTitles": [
            "de-DE",
            "RecipeIntent test case for Schneegolem"
          ],
          "duration": 13,
          "failureMessages": [],
          "location": {
            "column": 0,
            "line": 0
          },
          "numPassingAsserts": 0,
          "status": "passed",
          "title": "RecipeIntent Item=Schneegolem"
        }
      ],
      "perfStats": {
        "end": 1585901038383,
        "start": 1585901036536
      }
    },
    {
      "failureMessage": null,
      "leaks": false,
      "memoryUsage": 0,
      "numFailingTests": 0,
      "numPassingTests": 2,
      "numPendingTests": 0,
      "numTodoTests": 0,
      "skipped": false,
      "snapshot": {
        "added": 0,
        "fileDeleted": false,
        "matched": 0,
        "unchecked": 0,
        "uncheckedKeys": [],
        "unmatched": 0,
        "updated": 0
      },
      "testFilePath": "C:\\seMaster\\Semester_02\\11_MUS2VO\\UE\\01\\skill-sample-nodejs-assistent-fuer-minecraft\\test\\unit\\en-US-index.test.yml",
      "testResults": [
        {
          "ancestorTitles": [
            "en-US",
            "Launch request, no further interaction."
          ],
          "duration": 9,
          "failureMessages": [],
          "location": {
            "column": 0,
            "line": 0
          },
          "numPassingAsserts": 0,
          "status": "passed",
          "title": "LaunchRequest"
        },
        {
          "ancestorTitles": [
            "en-US",
            "AMAZON.StopIntent"
          ],
          "duration": 1,
          "failureMessages": [],
          "location": {
            "column": 0,
            "line": 0
          },
          "numPassingAsserts": 0,
          "status": "passed",
          "title": "LaunchRequest"
        },
        {
          "ancestorTitles": [
            "en-US",
            "AMAZON.StopIntent"
          ],
          "duration": 1,
          "failureMessages": [],
          "location": {
            "column": 0,
            "line": 0
          },
          "numPassingAsserts": 0,
          "status": "passed",
          "title": "AMAZON.StopIntent"
        }
      ],
      "perfStats": {
        "end": 1585901038602,
        "start": 1585901038444
      }
    }
  ],
  "wasInterrupted": false,
  "coverageMap": {
    "C:\\seMaster\\Semester_02\\11_MUS2VO\\UE\\01\\skill-sample-nodejs-assistent-fuer-minecraft\\lambda\\custom\\index.js": {
      "path": "C:\\seMaster\\Semester_02\\11_MUS2VO\\UE\\01\\skill-sample-nodejs-assistent-fuer-minecraft\\lambda\\custom\\index.js",
      "statementMap": {
        "0": {
          "start": {
            "line": 4,
            "column": 14
          },
          "end": {
            "line": 4,
            "column": 37
          }
        },
        "1": {
          "start": {
            "line": 5,
            "column": 16
          },
          "end": {
            "line": 5,
            "column": 36
          }
        },
        "2": {
          "start": {
            "line": 6,
            "column": 13
          },
          "end": {
            "line": 6,
            "column": 31
          }
        },
        "3": {
          "start": {
            "line": 7,
            "column": 16
          },
          "end": {
            "line": 7,
            "column": 56
          }
        },
        "4": {
          "start": {
            "line": 10,
            "column": 29
          },
          "end": {
            "line": 30,
            "column": 1
          }
        },
        "5": {
          "start": {
            "line": 12,
            "column": 4
          },
          "end": {
            "line": 12,
            "column": 73
          }
        },
        "6": {
          "start": {
            "line": 15,
            "column": 30
          },
          "end": {
            "line": 15,
            "column": 83
          }
        },
        "7": {
          "start": {
            "line": 16,
            "column": 30
          },
          "end": {
            "line": 16,
            "column": 83
          }
        },
        "8": {
          "start": {
            "line": 18,
            "column": 17
          },
          "end": {
            "line": 18,
            "column": 86
          }
        },
        "9": {
          "start": {
            "line": 20,
            "column": 24
          },
          "end": {
            "line": 20,
            "column": 103
          }
        },
        "10": {
          "start": {
            "line": 21,
            "column": 27
          },
          "end": {
            "line": 21,
            "column": 66
          }
        },
        "11": {
          "start": {
            "line": 23,
            "column": 4
          },
          "end": {
            "line": 23,
            "column": 75
          }
        },
        "12": {
          "start": {
            "line": 25,
            "column": 4
          },
          "end": {
            "line": 28,
            "column": 21
          }
        },
        "13": {
          "start": {
            "line": 32,
            "column": 22
          },
          "end": {
            "line": 84,
            "column": 1
          }
        },
        "14": {
          "start": {
            "line": 34,
            "column": 4
          },
          "end": {
            "line": 35,
            "column": 77
          }
        },
        "15": {
          "start": {
            "line": 38,
            "column": 30
          },
          "end": {
            "line": 38,
            "column": 83
          }
        },
        "16": {
          "start": {
            "line": 39,
            "column": 30
          },
          "end": {
            "line": 39,
            "column": 83
          }
        },
        "17": {
          "start": {
            "line": 41,
            "column": 21
          },
          "end": {
            "line": 41,
            "column": 75
          }
        },
        "18": {
          "start": {
            "line": 43,
            "column": 4
          },
          "end": {
            "line": 45,
            "column": 5
          }
        },
        "19": {
          "start": {
            "line": 44,
            "column": 6
          },
          "end": {
            "line": 44,
            "column": 46
          }
        },
        "20": {
          "start": {
            "line": 47,
            "column": 22
          },
          "end": {
            "line": 47,
            "column": 108
          }
        },
        "21": {
          "start": {
            "line": 48,
            "column": 22
          },
          "end": {
            "line": 48,
            "column": 52
          }
        },
        "22": {
          "start": {
            "line": 49,
            "column": 19
          },
          "end": {
            "line": 49,
            "column": 38
          }
        },
        "23": {
          "start": {
            "line": 50,
            "column": 22
          },
          "end": {
            "line": 50,
            "column": 24
          }
        },
        "24": {
          "start": {
            "line": 52,
            "column": 4
          },
          "end": {
            "line": 64,
            "column": 5
          }
        },
        "25": {
          "start": {
            "line": 53,
            "column": 6
          },
          "end": {
            "line": 53,
            "column": 45
          }
        },
        "26": {
          "start": {
            "line": 57,
            "column": 6
          },
          "end": {
            "line": 57,
            "column": 77
          }
        },
        "27": {
          "start": {
            "line": 59,
            "column": 6
          },
          "end": {
            "line": 63,
            "column": 23
          }
        },
        "28": {
          "start": {
            "line": 65,
            "column": 27
          },
          "end": {
            "line": 65,
            "column": 75
          }
        },
        "29": {
          "start": {
            "line": 66,
            "column": 4
          },
          "end": {
            "line": 70,
            "column": 5
          }
        },
        "30": {
          "start": {
            "line": 67,
            "column": 6
          },
          "end": {
            "line": 67,
            "column": 86
          }
        },
        "31": {
          "start": {
            "line": 69,
            "column": 6
          },
          "end": {
            "line": 69,
            "column": 79
          }
        },
        "32": {
          "start": {
            "line": 71,
            "column": 4
          },
          "end": {
            "line": 71,
            "column": 34
          }
        },
        "33": {
          "start": {
            "line": 74,
            "column": 4
          },
          "end": {
            "line": 74,
            "column": 48
          }
        },
        "34": {
          "start": {
            "line": 75,
            "column": 4
          },
          "end": {
            "line": 75,
            "column": 54
          }
        },
        "35": {
          "start": {
            "line": 77,
            "column": 4
          },
          "end": {
            "line": 77,
            "column": 75
          }
        },
        "36": {
          "start": {
            "line": 79,
            "column": 4
          },
          "end": {
            "line": 82,
            "column": 21
          }
        },
        "37": {
          "start": {
            "line": 86,
            "column": 20
          },
          "end": {
            "line": 105,
            "column": 1
          }
        },
        "38": {
          "start": {
            "line": 88,
            "column": 4
          },
          "end": {
            "line": 89,
            "column": 82
          }
        },
        "39": {
          "start": {
            "line": 92,
            "column": 30
          },
          "end": {
            "line": 92,
            "column": 83
          }
        },
        "40": {
          "start": {
            "line": 93,
            "column": 30
          },
          "end": {
            "line": 93,
            "column": 83
          }
        },
        "41": {
          "start": {
            "line": 95,
            "column": 17
          },
          "end": {
            "line": 95,
            "column": 86
          }
        },
        "42": {
          "start": {
            "line": 97,
            "column": 4
          },
          "end": {
            "line": 97,
            "column": 78
          }
        },
        "43": {
          "start": {
            "line": 98,
            "column": 4
          },
          "end": {
            "line": 98,
            "column": 82
          }
        },
        "44": {
          "start": {
            "line": 100,
            "column": 4
          },
          "end": {
            "line": 103,
            "column": 21
          }
        },
        "45": {
          "start": {
            "line": 107,
            "column": 22
          },
          "end": {
            "line": 120,
            "column": 1
          }
        },
        "46": {
          "start": {
            "line": 109,
            "column": 4
          },
          "end": {
            "line": 110,
            "column": 84
          }
        },
        "47": {
          "start": {
            "line": 113,
            "column": 30
          },
          "end": {
            "line": 113,
            "column": 83
          }
        },
        "48": {
          "start": {
            "line": 115,
            "column": 4
          },
          "end": {
            "line": 118,
            "column": 21
          }
        },
        "49": {
          "start": {
            "line": 122,
            "column": 20
          },
          "end": {
            "line": 136,
            "column": 1
          }
        },
        "50": {
          "start": {
            "line": 124,
            "column": 4
          },
          "end": {
            "line": 126,
            "column": 87
          }
        },
        "51": {
          "start": {
            "line": 129,
            "column": 30
          },
          "end": {
            "line": 129,
            "column": 83
          }
        },
        "52": {
          "start": {
            "line": 130,
            "column": 24
          },
          "end": {
            "line": 130,
            "column": 94
          }
        },
        "53": {
          "start": {
            "line": 132,
            "column": 4
          },
          "end": {
            "line": 134,
            "column": 21
          }
        },
        "54": {
          "start": {
            "line": 138,
            "column": 35
          },
          "end": {
            "line": 147,
            "column": 1
          }
        },
        "55": {
          "start": {
            "line": 140,
            "column": 4
          },
          "end": {
            "line": 140,
            "column": 53
          }
        },
        "56": {
          "start": {
            "line": 141,
            "column": 4
          },
          "end": {
            "line": 141,
            "column": 79
          }
        },
        "57": {
          "start": {
            "line": 144,
            "column": 4
          },
          "end": {
            "line": 144,
            "column": 94
          }
        },
        "58": {
          "start": {
            "line": 145,
            "column": 4
          },
          "end": {
            "line": 145,
            "column": 54
          }
        },
        "59": {
          "start": {
            "line": 149,
            "column": 21
          },
          "end": {
            "line": 161,
            "column": 1
          }
        },
        "60": {
          "start": {
            "line": 151,
            "column": 4
          },
          "end": {
            "line": 151,
            "column": 16
          }
        },
        "61": {
          "start": {
            "line": 154,
            "column": 4
          },
          "end": {
            "line": 154,
            "column": 51
          }
        },
        "62": {
          "start": {
            "line": 156,
            "column": 4
          },
          "end": {
            "line": 159,
            "column": 21
          }
        },
        "63": {
          "start": {
            "line": 166,
            "column": 32
          },
          "end": {
            "line": 180,
            "column": 1
          }
        },
        "64": {
          "start": {
            "line": 168,
            "column": 31
          },
          "end": {
            "line": 173,
            "column": 6
          }
        },
        "65": {
          "start": {
            "line": 175,
            "column": 23
          },
          "end": {
            "line": 175,
            "column": 76
          }
        },
        "66": {
          "start": {
            "line": 176,
            "column": 4
          },
          "end": {
            "line": 178,
            "column": 6
          }
        },
        "67": {
          "start": {
            "line": 177,
            "column": 6
          },
          "end": {
            "line": 177,
            "column": 43
          }
        },
        "68": {
          "start": {
            "line": 185,
            "column": 10
          },
          "end": {
            "line": 185,
            "column": 11
          }
        },
        "69": {
          "start": {
            "line": 186,
            "column": 2
          },
          "end": {
            "line": 186,
            "column": 54
          }
        },
        "70": {
          "start": {
            "line": 187,
            "column": 2
          },
          "end": {
            "line": 187,
            "column": 27
          }
        },
        "71": {
          "start": {
            "line": 191,
            "column": 21
          },
          "end": {
            "line": 191,
            "column": 49
          }
        },
        "72": {
          "start": {
            "line": 192,
            "column": 0
          },
          "end": {
            "line": 203,
            "column": 12
          }
        },
        "73": {
          "start": {
            "line": 208,
            "column": 24
          },
          "end": {
            "line": 253,
            "column": 1
          }
        }
      },
      "fnMap": {
        "0": {
          "name": "(anonymous_0)",
          "decl": {
            "start": {
              "line": 11,
              "column": 2
            },
            "end": {
              "line": 11,
              "column": 3
            }
          },
          "loc": {
            "start": {
              "line": 11,
              "column": 26
            },
            "end": {
              "line": 13,
              "column": 3
            }
          },
          "line": 11
        },
        "1": {
          "name": "(anonymous_1)",
          "decl": {
            "start": {
              "line": 14,
              "column": 2
            },
            "end": {
              "line": 14,
              "column": 3
            }
          },
          "loc": {
            "start": {
              "line": 14,
              "column": 23
            },
            "end": {
              "line": 29,
              "column": 3
            }
          },
          "line": 14
        },
        "2": {
          "name": "(anonymous_2)",
          "decl": {
            "start": {
              "line": 33,
              "column": 2
            },
            "end": {
              "line": 33,
              "column": 3
            }
          },
          "loc": {
            "start": {
              "line": 33,
              "column": 26
            },
            "end": {
              "line": 36,
              "column": 3
            }
          },
          "line": 33
        },
        "3": {
          "name": "(anonymous_3)",
          "decl": {
            "start": {
              "line": 37,
              "column": 2
            },
            "end": {
              "line": 37,
              "column": 3
            }
          },
          "loc": {
            "start": {
              "line": 37,
              "column": 23
            },
            "end": {
              "line": 83,
              "column": 3
            }
          },
          "line": 37
        },
        "4": {
          "name": "(anonymous_4)",
          "decl": {
            "start": {
              "line": 87,
              "column": 2
            },
            "end": {
              "line": 87,
              "column": 3
            }
          },
          "loc": {
            "start": {
              "line": 87,
              "column": 26
            },
            "end": {
              "line": 90,
              "column": 3
            }
          },
          "line": 87
        },
        "5": {
          "name": "(anonymous_5)",
          "decl": {
            "start": {
              "line": 91,
              "column": 2
            },
            "end": {
              "line": 91,
              "column": 3
            }
          },
          "loc": {
            "start": {
              "line": 91,
              "column": 23
            },
            "end": {
              "line": 104,
              "column": 3
            }
          },
          "line": 91
        },
        "6": {
          "name": "(anonymous_6)",
          "decl": {
            "start": {
              "line": 108,
              "column": 2
            },
            "end": {
              "line": 108,
              "column": 3
            }
          },
          "loc": {
            "start": {
              "line": 108,
              "column": 26
            },
            "end": {
              "line": 111,
              "column": 3
            }
          },
          "line": 108
        },
        "7": {
          "name": "(anonymous_7)",
          "decl": {
            "start": {
              "line": 112,
              "column": 2
            },
            "end": {
              "line": 112,
              "column": 3
            }
          },
          "loc": {
            "start": {
              "line": 112,
              "column": 23
            },
            "end": {
              "line": 119,
              "column": 3
            }
          },
          "line": 112
        },
        "8": {
          "name": "(anonymous_8)",
          "decl": {
            "start": {
              "line": 123,
              "column": 2
            },
            "end": {
              "line": 123,
              "column": 3
            }
          },
          "loc": {
            "start": {
              "line": 123,
              "column": 26
            },
            "end": {
              "line": 127,
              "column": 3
            }
          },
          "line": 123
        },
        "9": {
          "name": "(anonymous_9)",
          "decl": {
            "start": {
              "line": 128,
              "column": 2
            },
            "end": {
              "line": 128,
              "column": 3
            }
          },
          "loc": {
            "start": {
              "line": 128,
              "column": 23
            },
            "end": {
              "line": 135,
              "column": 3
            }
          },
          "line": 128
        },
        "10": {
          "name": "(anonymous_10)",
          "decl": {
            "start": {
              "line": 139,
              "column": 2
            },
            "end": {
              "line": 139,
              "column": 3
            }
          },
          "loc": {
            "start": {
              "line": 139,
              "column": 26
            },
            "end": {
              "line": 142,
              "column": 3
            }
          },
          "line": 139
        },
        "11": {
          "name": "(anonymous_11)",
          "decl": {
            "start": {
              "line": 143,
              "column": 2
            },
            "end": {
              "line": 143,
              "column": 3
            }
          },
          "loc": {
            "start": {
              "line": 143,
              "column": 23
            },
            "end": {
              "line": 146,
              "column": 3
            }
          },
          "line": 143
        },
        "12": {
          "name": "(anonymous_12)",
          "decl": {
            "start": {
              "line": 150,
              "column": 2
            },
            "end": {
              "line": 150,
              "column": 3
            }
          },
          "loc": {
            "start": {
              "line": 150,
              "column": 14
            },
            "end": {
              "line": 152,
              "column": 3
            }
          },
          "line": 150
        },
        "13": {
          "name": "(anonymous_13)",
          "decl": {
            "start": {
              "line": 153,
              "column": 2
            },
            "end": {
              "line": 153,
              "column": 3
            }
          },
          "loc": {
            "start": {
              "line": 153,
              "column": 30
            },
            "end": {
              "line": 160,
              "column": 3
            }
          },
          "line": 153
        },
        "14": {
          "name": "(anonymous_14)",
          "decl": {
            "start": {
              "line": 167,
              "column": 2
            },
            "end": {
              "line": 167,
              "column": 3
            }
          },
          "loc": {
            "start": {
              "line": 167,
              "column": 24
            },
            "end": {
              "line": 179,
              "column": 3
            }
          },
          "line": 167
        },
        "15": {
          "name": "(anonymous_15)",
          "decl": {
            "start": {
              "line": 176,
              "column": 19
            },
            "end": {
              "line": 176,
              "column": 20
            }
          },
          "loc": {
            "start": {
              "line": 176,
              "column": 38
            },
            "end": {
              "line": 178,
              "column": 5
            }
          },
          "line": 176
        },
        "16": {
          "name": "getRandomItem",
          "decl": {
            "start": {
              "line": 183,
              "column": 9
            },
            "end": {
              "line": 183,
              "column": 22
            }
          },
          "loc": {
            "start": {
              "line": 183,
              "column": 37
            },
            "end": {
              "line": 188,
              "column": 1
            }
          },
          "line": 183
        }
      },
      "branchMap": {
        "0": {
          "loc": {
            "start": {
              "line": 34,
              "column": 11
            },
            "end": {
              "line": 35,
              "column": 76
            }
          },
          "type": "binary-expr",
          "locations": [
            {
              "start": {
                "line": 34,
                "column": 11
              },
              "end": {
                "line": 34,
                "column": 72
              }
            },
            {
              "start": {
                "line": 35,
                "column": 9
              },
              "end": {
                "line": 35,
                "column": 76
              }
            }
          ],
          "line": 34
        },
        "1": {
          "loc": {
            "start": {
              "line": 43,
              "column": 4
            },
            "end": {
              "line": 45,
              "column": 5
            }
          },
          "type": "if",
          "locations": [
            {
              "start": {
                "line": 43,
                "column": 4
              },
              "end": {
                "line": 45,
                "column": 5
              }
            },
            {
              "start": {
                "line": 43,
                "column": 4
              },
              "end": {
                "line": 45,
                "column": 5
              }
            }
          ],
          "line": 43
        },
        "2": {
          "loc": {
            "start": {
              "line": 43,
              "column": 8
            },
            "end": {
              "line": 43,
              "column": 34
            }
          },
          "type": "binary-expr",
          "locations": [
            {
              "start": {
                "line": 43,
                "column": 8
              },
              "end": {
                "line": 43,
                "column": 16
              }
            },
            {
              "start": {
                "line": 43,
                "column": 20
              },
              "end": {
                "line": 43,
                "column": 34
              }
            }
          ],
          "line": 43
        },
        "3": {
          "loc": {
            "start": {
              "line": 52,
              "column": 4
            },
            "end": {
              "line": 64,
              "column": 5
            }
          },
          "type": "if",
          "locations": [
            {
              "start": {
                "line": 52,
                "column": 4
              },
              "end": {
                "line": 64,
                "column": 5
              }
            },
            {
              "start": {
                "line": 52,
                "column": 4
              },
              "end": {
                "line": 64,
                "column": 5
              }
            }
          ],
          "line": 52
        },
        "4": {
          "loc": {
            "start": {
              "line": 66,
              "column": 4
            },
            "end": {
              "line": 70,
              "column": 5
            }
          },
          "type": "if",
          "locations": [
            {
              "start": {
                "line": 66,
                "column": 4
              },
              "end": {
                "line": 70,
                "column": 5
              }
            },
            {
              "start": {
                "line": 66,
                "column": 4
              },
              "end": {
                "line": 70,
                "column": 5
              }
            }
          ],
          "line": 66
        },
        "5": {
          "loc": {
            "start": {
              "line": 88,
              "column": 11
            },
            "end": {
              "line": 89,
              "column": 81
            }
          },
          "type": "binary-expr",
          "locations": [
            {
              "start": {
                "line": 88,
                "column": 11
              },
              "end": {
                "line": 88,
                "column": 72
              }
            },
            {
              "start": {
                "line": 89,
                "column": 9
              },
              "end": {
                "line": 89,
                "column": 81
              }
            }
          ],
          "line": 88
        },
        "6": {
          "loc": {
            "start": {
              "line": 109,
              "column": 11
            },
            "end": {
              "line": 110,
              "column": 83
            }
          },
          "type": "binary-expr",
          "locations": [
            {
              "start": {
                "line": 109,
                "column": 11
              },
              "end": {
                "line": 109,
                "column": 72
              }
            },
            {
              "start": {
                "line": 110,
                "column": 9
              },
              "end": {
                "line": 110,
                "column": 83
              }
            }
          ],
          "line": 109
        },
        "7": {
          "loc": {
            "start": {
              "line": 124,
              "column": 11
            },
            "end": {
              "line": 126,
              "column": 86
            }
          },
          "type": "binary-expr",
          "locations": [
            {
              "start": {
                "line": 124,
                "column": 11
              },
              "end": {
                "line": 124,
                "column": 72
              }
            },
            {
              "start": {
                "line": 125,
                "column": 10
              },
              "end": {
                "line": 125,
                "column": 82
              }
            },
            {
              "start": {
                "line": 126,
                "column": 11
              },
              "end": {
                "line": 126,
                "column": 85
              }
            }
          ],
          "line": 124
        }
      },
      "s": {
        "0": 2,
        "1": 2,
        "2": 2,
        "3": 2,
        "4": 2,
        "5": 9,
        "6": 5,
        "7": 5,
        "8": 5,
        "9": 5,
        "10": 5,
        "11": 5,
        "12": 5,
        "13": 2,
        "14": 4,
        "15": 2,
        "16": 2,
        "17": 2,
        "18": 2,
        "19": 1,
        "20": 2,
        "21": 2,
        "22": 2,
        "23": 2,
        "24": 2,
        "25": 1,
        "26": 1,
        "27": 1,
        "28": 1,
        "29": 1,
        "30": 0,
        "31": 1,
        "32": 1,
        "33": 1,
        "34": 1,
        "35": 1,
        "36": 1,
        "37": 2,
        "38": 2,
        "39": 0,
        "40": 0,
        "41": 0,
        "42": 0,
        "43": 0,
        "44": 0,
        "45": 2,
        "46": 2,
        "47": 0,
        "48": 0,
        "49": 2,
        "50": 2,
        "51": 2,
        "52": 2,
        "53": 2,
        "54": 2,
        "55": 0,
        "56": 0,
        "57": 0,
        "58": 0,
        "59": 2,
        "60": 0,
        "61": 0,
        "62": 0,
        "63": 2,
        "64": 9,
        "65": 9,
        "66": 9,
        "67": 32,
        "68": 5,
        "69": 5,
        "70": 5,
        "71": 2,
        "72": 2,
        "73": 2
      },
      "f": {
        "0": 9,
        "1": 5,
        "2": 4,
        "3": 2,
        "4": 2,
        "5": 0,
        "6": 2,
        "7": 0,
        "8": 2,
        "9": 2,
        "10": 0,
        "11": 0,
        "12": 0,
        "13": 0,
        "14": 9,
        "15": 32,
        "16": 5
      },
      "b": {
        "0": [
          4,
          4
        ],
        "1": [
          1,
          1
        ],
        "2": [
          2,
          2
        ],
        "3": [
          1,
          1
        ],
        "4": [
          0,
          1
        ],
        "5": [
          2,
          2
        ],
        "6": [
          2,
          2
        ],
        "7": [
          2,
          2,
          0
        ]
      },
      "_coverageSchema": "43e27e138ebf9cfc5966b082cf9a028302ed4184",
      "hash": "fd742012a779983e8b8be5df47f379c677f6791a"
    },
    "C:\\seMaster\\Semester_02\\11_MUS2VO\\UE\\01\\skill-sample-nodejs-assistent-fuer-minecraft\\lambda\\custom\\recipes.js": {
      "path": "C:\\seMaster\\Semester_02\\11_MUS2VO\\UE\\01\\skill-sample-nodejs-assistent-fuer-minecraft\\lambda\\custom\\recipes.js",
      "statementMap": {
        "0": {
          "start": {
            "line": 5,
            "column": 0
          },
          "end": {
            "line": 1537,
            "column": 2
          }
        }
      },
      "fnMap": {},
      "branchMap": {},
      "s": {
        "0": 2
      },
      "f": {},
      "b": {},
      "_coverageSchema": "43e27e138ebf9cfc5966b082cf9a028302ed4184",
      "hash": "9fd311b684bc98291eb4d446584de40ba005406c"
    }
  }
}